<?xml version="1.0" encoding="UTF-8"?>
<!-- Generated by org.testng.reporters.JUnitReportReporter -->
<testsuite hostname="Jyotsna" failures="0" tests="1" name="seleniumProject1.CreateAccountPage" time="19.786" errors="0" timestamp="2024-04-17T12:47:40 IST" skipped="0">
  <testcase classname="seleniumProject1.CreateAccountPage" name="createAccount" time="19.786"/>
</testsuite> <!-- seleniumProject1.CreateAccountPage -->
